<?xml version="1.0" encoding="utf-8"?><testsuites name="pytest tests"><testsuite name="pytest" errors="0" failures="0" skipped="0" tests="13" time="21.276" timestamp="2026-04-16T01:57:04.998833+00:00" hostname="agent-env-48334866-d8b1-412a-969b-8d269b28a58e"><testcase classname="backend.tests.test_advisor_plaid_features" name="test_advisor_weekly_review_contains_required_fields" time="7.078" /><testcase classname="backend.tests.test_advisor_plaid_features" name="test_advisor_weekly_review_pdf_download" time="5.863" /><testcase classname="backend.tests.test_advisor_plaid_features" name="test_plaid_items_list_endpoint_shape" time="0.449" /><testcase classname="backend.tests.test_advisor_plaid_features" name="test_plaid_sync_item_and_unlink_not_found_behavior" time="0.500" /><testcase classname="backend.tests.test_money_management_api" name="test_register_and_login_flow" time="0.646" /><testcase classname="backend.tests.test_money_management_api" name="test_google_oauth_config_and_start_behavior" time="0.208" /><testcase classname="backend.tests.test_money_management_api" name="test_protected_route_auth_me_requires_token" time="0.128" /><testcase classname="backend.tests.test_money_management_api" name="test_protected_route_auth_me_with_token" time="0.431" /><testcase classname="backend.tests.test_money_management_api" name="test_manual_account_creation_and_listing" time="0.555" /><testcase classname="backend.tests.test_money_management_api" name="test_plaid_link_token_behavior_based_on_env" time="0.667" /><testcase classname="backend.tests.test_money_management_api" name="test_manual_transaction_creation_and_filtered_listing" time="0.488" /><testcase classname="backend.tests.test_money_management_api" name="test_dashboard_summary_payload" time="0.436" /><testcase classname="backend.tests.test_money_management_api" name="test_report_generation_history_and_pdf" time="3.712" /></testsuite></testsuites>