<?xml version="1.0" encoding="utf-8"?><testsuites name="pytest tests"><testsuite name="pytest" errors="0" failures="0" skipped="0" tests="9" time="4.033" timestamp="2026-04-10T18:29:56.506094+00:00" hostname="agent-env-48334866-d8b1-412a-969b-8d269b28a58e"><testcase classname="backend.tests.test_money_management_api" name="test_register_and_login_flow" time="0.802" /><testcase classname="backend.tests.test_money_management_api" name="test_google_oauth_config_and_start_behavior" time="0.189" /><testcase classname="backend.tests.test_money_management_api" name="test_protected_route_auth_me_requires_token" time="0.122" /><testcase classname="backend.tests.test_money_management_api" name="test_protected_route_auth_me_with_token" time="0.555" /><testcase classname="backend.tests.test_money_management_api" name="test_manual_account_creation_and_listing" time="0.448" /><testcase classname="backend.tests.test_money_management_api" name="test_plaid_link_token_behavior_when_credentials_missing" time="0.400" /><testcase classname="backend.tests.test_money_management_api" name="test_manual_transaction_creation_and_filtered_listing" time="0.455" /><testcase classname="backend.tests.test_money_management_api" name="test_dashboard_summary_payload" time="0.407" /><testcase classname="backend.tests.test_money_management_api" name="test_report_generation_history_and_pdf" time="0.568" /></testsuite></testsuites>